[INFO ] 2023-12-23 13:37:28.121 [main] BaseClass - URL is Opened.
[INFO ] 2023-12-23 13:37:28.227 [main] BaseClass - Entered Username
[INFO ] 2023-12-23 13:37:28.298 [main] BaseClass - Entered Password
[INFO ] 2023-12-23 13:37:29.881 [main] BaseClass - Login Test Passed.
[INFO ] 2023-12-23 13:41:30.756 [main] inetBankingv1 - URL is Opened.
[INFO ] 2023-12-23 13:41:30.853 [main] inetBankingv1 - Entered Username
[INFO ] 2023-12-23 13:41:30.914 [main] inetBankingv1 - Entered Password
[INFO ] 2023-12-23 13:41:33.624 [main] inetBankingv1 - Login Test Passed.
[INFO ] 2023-12-23 14:52:51.615 [main] inetBankingv1 - URL is Opened.
[INFO ] 2023-12-23 14:52:51.852 [main] inetBankingv1 - Entered Username
[INFO ] 2023-12-23 14:52:52.063 [main] inetBankingv1 - Entered Password
[INFO ] 2023-12-23 14:52:53.608 [main] inetBankingv1 - Login Test Passed.
[INFO ] 2023-12-23 15:13:14.168 [main] inetBankingv1 - URL is Opened.
[INFO ] 2023-12-23 15:13:14.399 [main] inetBankingv1 - Entered Username
[INFO ] 2023-12-23 15:13:14.487 [main] inetBankingv1 - Entered Password
[INFO ] 2023-12-23 15:13:16.826 [main] inetBankingv1 - Login Test Passed.
[INFO ] 2023-12-23 15:16:59.331 [main] inetBankingv1 - URL is Opened.
[INFO ] 2023-12-23 15:16:59.523 [main] inetBankingv1 - Entered Username
[INFO ] 2023-12-23 15:16:59.635 [main] inetBankingv1 - Entered Password
[INFO ] 2023-12-23 15:17:01.731 [main] inetBankingv1 - Login Test Passed.
[INFO ] 2023-12-23 16:21:08.034 [main] inetBankingv1 - URL is Opened.
[INFO ] 2023-12-23 16:21:08.259 [main] inetBankingv1 - Entered Username
[INFO ] 2023-12-23 16:21:08.365 [main] inetBankingv1 - Entered Password
[INFO ] 2023-12-23 16:21:10.046 [main] inetBankingv1 - Login Test Passed.
[INFO ] 2023-12-23 16:32:53.904 [main] inetBankingv1 - URL is Opened.
[INFO ] 2023-12-23 16:32:54.123 [main] inetBankingv1 - Entered Username
[INFO ] 2023-12-23 16:32:54.228 [main] inetBankingv1 - Entered Password
[INFO ] 2023-12-23 16:32:55.937 [main] inetBankingv1 - Login Test Passed.
[INFO ] 2023-12-23 17:05:36.806 [main] inetBankingv1 - URL is Opened.
[INFO ] 2023-12-23 17:05:37.044 [main] inetBankingv1 - Entered Username
[INFO ] 2023-12-23 17:05:37.157 [main] inetBankingv1 - Entered Password
[INFO ] 2023-12-23 17:05:38.927 [main] inetBankingv1 - Login Test Passed.
[INFO ] 2023-12-23 17:41:50.273 [main] inetBankingv1 - URL is Opened.
[INFO ] 2023-12-23 17:41:50.737 [main] inetBankingv1 - Entered Username
[INFO ] 2023-12-23 17:41:50.874 [main] inetBankingv1 - Entered Password
[INFO ] 2023-12-23 17:41:53.572 [main] inetBankingv1 - Login Test Passed.
[INFO ] 2023-12-24 11:11:34.076 [main] inetBankingv1 - URL is Opened.
[INFO ] 2023-12-24 11:11:34.390 [main] inetBankingv1 - Entered Username
[INFO ] 2023-12-24 11:11:34.559 [main] inetBankingv1 - Entered Password
[INFO ] 2023-12-24 11:11:35.914 [main] inetBankingv1 - Login Test Passed.
[INFO ] 2023-12-24 11:12:10.818 [main] inetBankingv1 - URL is Opened.
[INFO ] 2023-12-24 11:12:10.950 [main] inetBankingv1 - Entered Username
[INFO ] 2023-12-24 11:12:11.032 [main] inetBankingv1 - Entered Password
[INFO ] 2023-12-24 11:15:34.840 [main] inetBankingv1 - URL is Opened.
[INFO ] 2023-12-24 11:15:35.038 [main] inetBankingv1 - Entered Username
[INFO ] 2023-12-24 11:15:35.169 [main] inetBankingv1 - Entered Password
[INFO ] 2023-12-24 11:25:15.810 [main] inetBankingv1 - URL is Opened.
[INFO ] 2023-12-24 11:25:15.969 [main] inetBankingv1 - Entered Username
[INFO ] 2023-12-24 11:25:16.086 [main] inetBankingv1 - Entered Password
[INFO ] 2023-12-24 11:29:02.666 [main] inetBankingv1 - URL is Opened.
[INFO ] 2023-12-24 11:32:04.022 [main] inetBankingv1 - URL is Opened.
[INFO ] 2023-12-24 11:32:04.164 [main] inetBankingv1 - Entered Username
[INFO ] 2023-12-24 11:32:04.285 [main] inetBankingv1 - Entered Password
[INFO ] 2023-12-24 11:32:45.394 [main] inetBankingv1 - URL is Opened.
[INFO ] 2023-12-24 11:32:45.542 [main] inetBankingv1 - Entered Username
[INFO ] 2023-12-24 11:32:45.681 [main] inetBankingv1 - Entered Password
[INFO ] 2023-12-24 11:34:12.973 [main] inetBankingv1 - URL is Opened.
[INFO ] 2023-12-24 11:34:13.102 [main] inetBankingv1 - Entered Username
[INFO ] 2023-12-24 11:34:13.194 [main] inetBankingv1 - Entered Password
[INFO ] 2023-12-24 11:34:31.791 [main] inetBankingv1 - URL is Opened.
[INFO ] 2023-12-24 11:34:31.954 [main] inetBankingv1 - Entered Username
[INFO ] 2023-12-24 11:34:32.038 [main] inetBankingv1 - Entered Password
[INFO ] 2023-12-24 11:35:59.383 [main] inetBankingv1 - URL is Opened.
[INFO ] 2023-12-24 11:36:40.788 [main] inetBankingv1 - Entered Username
[INFO ] 2023-12-24 11:36:57.484 [main] inetBankingv1 - Entered Password
[INFO ] 2023-12-24 11:40:40.722 [main] inetBankingv1 - URL is Opened.
[INFO ] 2023-12-24 11:40:41.074 [main] inetBankingv1 - Entered Username
[INFO ] 2023-12-24 11:40:41.185 [main] inetBankingv1 - Entered Password
[INFO ] 2023-12-24 11:43:12.679 [main] inetBankingv1 - URL is Opened.
[INFO ] 2023-12-24 11:43:37.558 [main] inetBankingv1 - Entered Username
[INFO ] 2023-12-24 11:43:54.011 [main] inetBankingv1 - Entered Password
[INFO ] 2023-12-24 11:46:36.715 [main] inetBankingv1 - URL is Opened.
[INFO ] 2023-12-24 11:46:47.005 [main] inetBankingv1 - Entered Username
[INFO ] 2023-12-24 11:46:47.110 [main] inetBankingv1 - Entered Password
[INFO ] 2023-12-24 11:50:19.941 [main] inetBankingv1 - URL is Opened.
[INFO ] 2023-12-24 11:50:40.228 [main] inetBankingv1 - Entered Username
[INFO ] 2023-12-24 11:50:47.676 [main] inetBankingv1 - Entered Password
[INFO ] 2023-12-24 11:54:23.175 [main] inetBankingv1 - URL is Opened.
[INFO ] 2023-12-24 11:56:03.255 [main] inetBankingv1 - Entered Username
[INFO ] 2023-12-24 11:57:15.801 [main] inetBankingv1 - Entered Password
[INFO ] 2023-12-24 12:08:58.771 [main] inetBankingv1 - URL is Opened.
[INFO ] 2023-12-24 12:08:58.898 [main] inetBankingv1 - Entered Username
[INFO ] 2023-12-24 12:08:58.973 [main] inetBankingv1 - Entered Password
[INFO ] 2023-12-24 12:09:00.714 [main] inetBankingv1 - Login Test Failed.
[INFO ] 2023-12-24 19:04:37.885 [main] inetBankingv1 - URL is Opened.
[INFO ] 2023-12-24 19:04:38.238 [main] inetBankingv1 - Entered Username
[INFO ] 2023-12-24 19:04:38.355 [main] inetBankingv1 - Entered Password
[INFO ] 2023-12-24 19:04:41.477 [main] inetBankingv1 - Login Test Failed.
[INFO ] 2023-12-24 19:08:44.483 [main] inetBankingv1 - URL is Opened.
[INFO ] 2023-12-24 19:08:44.711 [main] inetBankingv1 - Entered Username
[INFO ] 2023-12-24 19:08:44.919 [main] inetBankingv1 - Entered Password
[INFO ] 2023-12-24 19:08:47.288 [main] inetBankingv1 - Login Test Failed.
[INFO ] 2023-12-24 19:20:04.639 [main] inetBankingv1 - URL is Opened.
[INFO ] 2023-12-24 19:20:04.988 [main] inetBankingv1 - Entered Username
[INFO ] 2023-12-24 19:20:05.094 [main] inetBankingv1 - Entered Password
[INFO ] 2023-12-24 19:20:07.129 [main] inetBankingv1 - Login Test Failed.
[INFO ] 2023-12-24 19:21:47.669 [main] inetBankingv1 - URL is Opened.
[INFO ] 2023-12-24 19:21:48.006 [main] inetBankingv1 - Entered Username
[INFO ] 2023-12-24 19:21:48.151 [main] inetBankingv1 - Entered Password
[INFO ] 2023-12-24 19:21:50.480 [main] inetBankingv1 - Login Test Failed.
[INFO ] 2023-12-24 19:35:37.925 [main] inetBankingv1 - URL is Opened.
[INFO ] 2023-12-24 19:35:38.164 [main] inetBankingv1 - Entered Username
[INFO ] 2023-12-24 19:35:38.281 [main] inetBankingv1 - Entered Password
[INFO ] 2023-12-24 19:35:41.852 [main] inetBankingv1 - Login Test Failed.
[INFO ] 2023-12-24 19:40:18.402 [main] inetBankingv1 - URL is Opened.
[INFO ] 2023-12-24 19:40:18.743 [main] inetBankingv1 - Entered Username
[INFO ] 2023-12-24 19:40:18.851 [main] inetBankingv1 - Entered Password
[INFO ] 2023-12-24 19:40:21.464 [main] inetBankingv1 - Login Test Failed.
[INFO ] 2023-12-24 19:42:39.370 [main] inetBankingv1 - URL is Opened.
[INFO ] 2023-12-24 19:42:39.624 [main] inetBankingv1 - Entered Username
[INFO ] 2023-12-24 19:42:39.827 [main] inetBankingv1 - Entered Password
[INFO ] 2023-12-24 19:42:42.286 [main] inetBankingv1 - Login Test Failed.
[INFO ] 2023-12-24 19:46:13.439 [main] inetBankingv1 - URL is Opened.
[INFO ] 2023-12-24 19:46:13.721 [main] inetBankingv1 - Entered Username
[INFO ] 2023-12-24 19:46:13.874 [main] inetBankingv1 - Entered Password
[INFO ] 2023-12-24 19:46:16.331 [main] inetBankingv1 - Login Test Failed.
[INFO ] 2023-12-24 19:56:23.431 [main] inetBankingv1 - URL is Opened.
[INFO ] 2023-12-24 19:56:23.980 [main] inetBankingv1 - Entered Username
[INFO ] 2023-12-24 19:56:24.162 [main] inetBankingv1 - Entered Password
[INFO ] 2023-12-24 19:56:26.760 [main] inetBankingv1 - Login Test Failed.
[INFO ] 2023-12-24 20:02:17.420 [main] inetBankingv1 - URL is Opened.
[INFO ] 2023-12-24 20:02:17.672 [main] inetBankingv1 - Entered Username
[INFO ] 2023-12-24 20:02:17.843 [main] inetBankingv1 - Entered Password
[INFO ] 2023-12-24 20:02:21.251 [main] inetBankingv1 - Login Test Failed.
[INFO ] 2023-12-24 20:08:29.148 [main] inetBankingv1 - URL is Opened.
[INFO ] 2023-12-24 20:08:29.430 [main] inetBankingv1 - Entered Username
[INFO ] 2023-12-24 20:08:29.607 [main] inetBankingv1 - Entered Password
[INFO ] 2023-12-24 20:08:31.741 [main] inetBankingv1 - Login Test Failed.
[INFO ] 2023-12-24 20:10:54.424 [main] inetBankingv1 - URL is Opened.
[INFO ] 2023-12-24 20:10:54.834 [main] inetBankingv1 - Entered Username
[INFO ] 2023-12-24 20:10:55.080 [main] inetBankingv1 - Entered Password
[INFO ] 2023-12-24 20:12:44.933 [main] inetBankingv1 - Login Test Failed.
[INFO ] 2023-12-24 20:17:41.600 [main] inetBankingv1 - URL is Opened.
[INFO ] 2023-12-24 20:17:41.937 [main] inetBankingv1 - Entered Username
[INFO ] 2023-12-24 20:17:42.056 [main] inetBankingv1 - Entered Password
[INFO ] 2023-12-24 20:18:47.275 [main] inetBankingv1 - Login Test Failed.
[INFO ] 2023-12-24 20:21:31.151 [main] inetBankingv1 - URL is Opened.
[INFO ] 2023-12-24 20:21:31.513 [main] inetBankingv1 - Entered Username
[INFO ] 2023-12-24 20:21:31.632 [main] inetBankingv1 - Entered Password
[INFO ] 2023-12-24 20:23:33.872 [main] inetBankingv1 - Login Test Failed.
[INFO ] 2023-12-24 20:38:48.065 [main] inetBankingv1 - URL is Opened.
[INFO ] 2023-12-24 20:38:48.381 [main] inetBankingv1 - Entered Username
[INFO ] 2023-12-24 20:38:48.511 [main] inetBankingv1 - Entered Password
[INFO ] 2023-12-24 20:39:08.397 [main] inetBankingv1 - Login Test Failed.
[INFO ] 2023-12-24 20:42:36.358 [main] inetBankingv1 - URL is Opened.
[INFO ] 2023-12-24 20:42:36.524 [main] inetBankingv1 - Entered Username
[INFO ] 2023-12-24 20:42:36.675 [main] inetBankingv1 - Entered Password
[INFO ] 2023-12-24 20:42:38.600 [main] inetBankingv1 - Login Test Failed.
[INFO ] 2023-12-24 20:49:07.751 [main] inetBankingv1 - URL is Opened.
[INFO ] 2023-12-24 20:49:08.065 [main] inetBankingv1 - Entered Username
[INFO ] 2023-12-24 20:49:08.232 [main] inetBankingv1 - Entered Password
[INFO ] 2023-12-24 20:49:10.633 [main] inetBankingv1 - Login Test Failed.
[INFO ] 2023-12-25 17:21:24.168 [main] inetBankingv1 - URL is Opened.
[INFO ] 2023-12-25 17:21:24.320 [main] inetBankingv1 - Entered Username
[INFO ] 2023-12-25 17:21:24.443 [main] inetBankingv1 - Entered Password
[INFO ] 2023-12-25 20:29:11.939 [main] inetBankingv1 - URL is Opened.
[INFO ] 2023-12-25 20:29:12.217 [main] inetBankingv1 - Entered Username
[INFO ] 2023-12-25 20:29:12.332 [main] inetBankingv1 - Entered Password
[INFO ] 2023-12-25 20:32:25.783 [main] inetBankingv1 - URL is Opened.
[INFO ] 2023-12-25 20:32:26.023 [main] inetBankingv1 - Entered Username
[INFO ] 2023-12-25 20:32:26.151 [main] inetBankingv1 - Entered Password
[INFO ] 2023-12-25 21:08:01.723 [main] inetBankingv1 - Username Provided.
[INFO ] 2023-12-25 21:08:01.863 [main] inetBankingv1 - Password Provided.
[INFO ] 2023-12-25 21:08:04.934 [main] inetBankingv1 - Username Provided.
[INFO ] 2023-12-25 21:08:05.040 [main] inetBankingv1 - Password Provided.
[INFO ] 2023-12-25 21:08:07.151 [main] inetBankingv1 - Username Provided.
[INFO ] 2023-12-25 21:08:07.250 [main] inetBankingv1 - Password Provided.
[INFO ] 2023-12-25 21:08:09.759 [main] inetBankingv1 - Username Provided.
[INFO ] 2023-12-25 21:08:09.881 [main] inetBankingv1 - Password Provided.
[INFO ] 2023-12-25 21:08:12.144 [main] inetBankingv1 - Username Provided.
[INFO ] 2023-12-25 21:08:12.249 [main] inetBankingv1 - Password Provided.
[INFO ] 2023-12-26 14:42:54.079 [main] inetBankingv1 - URL is Opened.
[INFO ] 2023-12-26 14:42:54.213 [main] inetBankingv1 - Entered Username
[INFO ] 2023-12-26 14:42:54.303 [main] inetBankingv1 - Entered Password
[INFO ] 2023-12-26 14:44:26.006 [main] inetBankingv1 - Username Provided.
[INFO ] 2023-12-26 14:44:26.103 [main] inetBankingv1 - Password Provided.
[INFO ] 2023-12-26 14:44:29.010 [main] inetBankingv1 - Username Provided.
[INFO ] 2023-12-26 14:44:29.082 [main] inetBankingv1 - Password Provided.
[INFO ] 2023-12-26 14:44:31.014 [main] inetBankingv1 - Username Provided.
[INFO ] 2023-12-26 14:44:31.074 [main] inetBankingv1 - Password Provided.
[INFO ] 2023-12-26 14:44:33.166 [main] inetBankingv1 - Username Provided.
[INFO ] 2023-12-26 14:44:33.235 [main] inetBankingv1 - Password Provided.
[INFO ] 2023-12-26 14:44:35.342 [main] inetBankingv1 - Username Provided.
[INFO ] 2023-12-26 14:44:35.392 [main] inetBankingv1 - Password Provided.
[INFO ] 2023-12-26 14:46:50.904 [main] inetBankingv1 - Username Provided.
[INFO ] 2023-12-26 14:46:50.981 [main] inetBankingv1 - Password Provided.
[INFO ] 2023-12-26 14:47:15.144 [main] inetBankingv1 - Username Provided.
[INFO ] 2023-12-26 14:47:15.242 [main] inetBankingv1 - Password Provided.
[INFO ] 2023-12-26 14:47:31.804 [main] inetBankingv1 - Username Provided.
[INFO ] 2023-12-26 14:47:31.893 [main] inetBankingv1 - Password Provided.
[INFO ] 2023-12-26 14:48:03.769 [main] inetBankingv1 - Username Provided.
[INFO ] 2023-12-26 14:48:03.847 [main] inetBankingv1 - Password Provided.
[INFO ] 2023-12-26 14:49:18.946 [main] inetBankingv1 - Username Provided.
[INFO ] 2023-12-26 14:49:19.028 [main] inetBankingv1 - Password Provided.
[INFO ] 2023-12-26 14:54:02.250 [main] inetBankingv1 - Username Provided.
[INFO ] 2023-12-26 14:54:02.328 [main] inetBankingv1 - Password Provided.
[INFO ] 2023-12-26 14:54:04.743 [main] inetBankingv1 - Username Provided.
[INFO ] 2023-12-26 14:54:04.799 [main] inetBankingv1 - Password Provided.
[INFO ] 2023-12-26 14:54:07.028 [main] inetBankingv1 - Username Provided.
[INFO ] 2023-12-26 14:54:07.090 [main] inetBankingv1 - Password Provided.
[INFO ] 2023-12-26 14:54:09.102 [main] inetBankingv1 - Username Provided.
[INFO ] 2023-12-26 14:54:09.223 [main] inetBankingv1 - Password Provided.
[INFO ] 2023-12-26 14:54:10.920 [main] inetBankingv1 - Username Provided.
[INFO ] 2023-12-26 14:54:10.983 [main] inetBankingv1 - Password Provided.
[INFO ] 2023-12-26 14:56:52.477 [main] inetBankingv1 - Username Provided.
[INFO ] 2023-12-26 14:56:52.588 [main] inetBankingv1 - Password Provided.
[INFO ] 2023-12-26 14:56:56.017 [main] inetBankingv1 - Username Provided.
[INFO ] 2023-12-26 14:56:56.283 [main] inetBankingv1 - Password Provided.
[INFO ] 2023-12-26 14:56:58.591 [main] inetBankingv1 - Username Provided.
[INFO ] 2023-12-26 14:56:58.801 [main] inetBankingv1 - Password Provided.
[INFO ] 2023-12-26 14:57:01.201 [main] inetBankingv1 - Username Provided.
[INFO ] 2023-12-26 14:57:01.319 [main] inetBankingv1 - Password Provided.
[INFO ] 2023-12-26 14:57:03.912 [main] inetBankingv1 - Username Provided.
[INFO ] 2023-12-26 14:57:04.093 [main] inetBankingv1 - Password Provided.
[INFO ] 2023-12-26 15:07:54.375 [main] inetBankingv1 - URL is Opened.
[INFO ] 2023-12-26 15:07:54.513 [main] inetBankingv1 - Entered Username
[INFO ] 2023-12-26 15:07:54.661 [main] inetBankingv1 - Entered Password
[INFO ] 2023-12-26 15:10:21.760 [main] inetBankingv1 - URL is Opened.
[INFO ] 2023-12-26 15:10:21.912 [main] inetBankingv1 - Entered Username
[INFO ] 2023-12-26 15:10:22.007 [main] inetBankingv1 - Entered Password
[INFO ] 2023-12-26 16:12:10.738 [main] inetBankingv1 - URL is Opened.
[INFO ] 2023-12-26 16:12:10.853 [main] inetBankingv1 - Entered Username
[INFO ] 2023-12-26 16:12:10.921 [main] inetBankingv1 - Entered Password
[INFO ] 2023-12-26 16:15:29.082 [main] inetBankingv1 - Username Provided.
[INFO ] 2023-12-26 16:15:29.154 [main] inetBankingv1 - Password Provided.
[INFO ] 2023-12-26 16:15:31.032 [main] inetBankingv1 - Username Provided.
[INFO ] 2023-12-26 16:15:31.086 [main] inetBankingv1 - Password Provided.
[INFO ] 2023-12-26 16:15:32.899 [main] inetBankingv1 - Username Provided.
[INFO ] 2023-12-26 16:15:32.980 [main] inetBankingv1 - Password Provided.
[INFO ] 2023-12-26 16:15:34.999 [main] inetBankingv1 - Username Provided.
[INFO ] 2023-12-26 16:15:35.119 [main] inetBankingv1 - Password Provided.
[INFO ] 2023-12-26 16:15:37.284 [main] inetBankingv1 - Username Provided.
[INFO ] 2023-12-26 16:15:37.428 [main] inetBankingv1 - Password Provided.
[INFO ] 2023-12-26 16:18:40.228 [main] inetBankingv1 - URL is Opened.
[INFO ] 2023-12-26 16:18:40.340 [main] inetBankingv1 - Entered Username
[INFO ] 2023-12-26 16:18:40.413 [main] inetBankingv1 - Entered Password
[INFO ] 2023-12-26 16:28:38.819 [main] inetBankingv1 - URL is Opened.
[INFO ] 2023-12-26 16:28:38.955 [main] inetBankingv1 - Entered Username
[INFO ] 2023-12-26 16:28:39.073 [main] inetBankingv1 - Entered Password
[INFO ] 2023-12-27 13:03:40.740 [main] inetBankingv1 - Username Provided.
[INFO ] 2023-12-27 13:03:40.857 [main] inetBankingv1 - Password Provided.
[INFO ] 2023-12-27 13:03:48.060 [main] inetBankingv1 - Username Provided.
[INFO ] 2023-12-27 13:03:48.188 [main] inetBankingv1 - Password Provided.
[INFO ] 2023-12-27 13:03:55.781 [main] inetBankingv1 - Username Provided.
[INFO ] 2023-12-27 13:03:56.036 [main] inetBankingv1 - Password Provided.
[INFO ] 2023-12-27 13:04:07.455 [main] inetBankingv1 - Username Provided.
[INFO ] 2023-12-27 13:04:07.574 [main] inetBankingv1 - Password Provided.
[INFO ] 2023-12-27 13:04:19.337 [main] inetBankingv1 - Username Provided.
[INFO ] 2023-12-27 13:04:20.115 [main] inetBankingv1 - Password Provided.
[INFO ] 2023-12-27 13:12:56.568 [main] inetBankingv1 - Username Provided.
[INFO ] 2023-12-27 13:12:56.911 [main] inetBankingv1 - Password Provided.
[INFO ] 2023-12-27 13:13:00.157 [main] inetBankingv1 - Username Provided.
[INFO ] 2023-12-27 13:13:00.482 [main] inetBankingv1 - Password Provided.
[INFO ] 2023-12-27 13:13:04.220 [main] inetBankingv1 - Username Provided.
[INFO ] 2023-12-27 13:13:04.686 [main] inetBankingv1 - Password Provided.
[INFO ] 2023-12-27 13:13:07.149 [main] inetBankingv1 - Username Provided.
[INFO ] 2023-12-27 13:13:07.871 [main] inetBankingv1 - Password Provided.
[INFO ] 2023-12-27 13:13:10.557 [main] inetBankingv1 - Username Provided.
[INFO ] 2023-12-27 13:13:11.013 [main] inetBankingv1 - Password Provided.
[INFO ] 2023-12-27 13:20:41.132 [main] inetBankingv1 - Username Provided.
[INFO ] 2023-12-27 13:20:41.254 [main] inetBankingv1 - Password Provided.
[INFO ] 2023-12-27 13:20:46.667 [main] inetBankingv1 - Username Provided.
[INFO ] 2023-12-27 13:20:46.917 [main] inetBankingv1 - Password Provided.
[INFO ] 2023-12-27 13:20:51.531 [main] inetBankingv1 - Username Provided.
[INFO ] 2023-12-27 13:20:51.671 [main] inetBankingv1 - Password Provided.
[INFO ] 2023-12-27 13:20:55.439 [main] inetBankingv1 - Username Provided.
[INFO ] 2023-12-27 13:20:55.565 [main] inetBankingv1 - Password Provided.
[INFO ] 2023-12-27 13:20:58.172 [main] inetBankingv1 - Username Provided.
[INFO ] 2023-12-27 13:20:58.659 [main] inetBankingv1 - Password Provided.
[INFO ] 2023-12-27 13:23:40.561 [main] inetBankingv1 - Username Provided.
[INFO ] 2023-12-27 13:23:40.837 [main] inetBankingv1 - Password Provided.
[INFO ] 2023-12-27 13:23:46.785 [main] inetBankingv1 - Username Provided.
[INFO ] 2023-12-27 13:23:46.963 [main] inetBankingv1 - Password Provided.
[INFO ] 2023-12-27 13:23:52.730 [main] inetBankingv1 - Username Provided.
[INFO ] 2023-12-27 13:23:52.887 [main] inetBankingv1 - Password Provided.
[INFO ] 2023-12-27 13:23:57.904 [main] inetBankingv1 - Username Provided.
[INFO ] 2023-12-27 13:23:58.028 [main] inetBankingv1 - Password Provided.
[INFO ] 2023-12-27 13:24:05.892 [main] inetBankingv1 - Username Provided.
[INFO ] 2023-12-27 13:24:06.202 [main] inetBankingv1 - Password Provided.
[INFO ] 2023-12-27 13:28:23.599 [main] inetBankingv1 - Username Provided.
[INFO ] 2023-12-27 13:28:23.804 [main] inetBankingv1 - Password Provided.
[INFO ] 2023-12-27 13:28:29.440 [main] inetBankingv1 - Username Provided.
[INFO ] 2023-12-27 13:28:29.585 [main] inetBankingv1 - Password Provided.
[INFO ] 2023-12-27 13:28:34.898 [main] inetBankingv1 - Username Provided.
[INFO ] 2023-12-27 13:28:35.033 [main] inetBankingv1 - Password Provided.
[INFO ] 2023-12-27 13:28:40.243 [main] inetBankingv1 - Username Provided.
[INFO ] 2023-12-27 13:28:40.371 [main] inetBankingv1 - Password Provided.
[INFO ] 2023-12-27 13:28:46.091 [main] inetBankingv1 - Username Provided.
[INFO ] 2023-12-27 13:28:46.192 [main] inetBankingv1 - Password Provided.
[INFO ] 2023-12-27 13:31:44.341 [main] inetBankingv1 - Username Provided.
[INFO ] 2023-12-27 13:31:44.465 [main] inetBankingv1 - Password Provided.
[INFO ] 2023-12-27 13:31:45.785 [main] inetBankingv1 - User or Password is not valid
[INFO ] 2023-12-27 13:31:50.065 [main] inetBankingv1 - Username Provided.
[INFO ] 2023-12-27 13:31:50.367 [main] inetBankingv1 - Password Provided.
[INFO ] 2023-12-27 13:31:51.674 [main] inetBankingv1 - User or Password is not valid
[INFO ] 2023-12-27 13:31:56.101 [main] inetBankingv1 - Username Provided.
[INFO ] 2023-12-27 13:31:56.221 [main] inetBankingv1 - Password Provided.
[INFO ] 2023-12-27 13:31:57.527 [main] inetBankingv1 - User or Password is not valid
[INFO ] 2023-12-27 13:32:03.299 [main] inetBankingv1 - Username Provided.
[INFO ] 2023-12-27 13:32:03.426 [main] inetBankingv1 - Password Provided.
[INFO ] 2023-12-27 13:32:05.239 [main] inetBankingv1 - User or Password is not valid
[INFO ] 2023-12-27 13:32:09.540 [main] inetBankingv1 - Username Provided.
[INFO ] 2023-12-27 13:32:09.635 [main] inetBankingv1 - Password Provided.
[INFO ] 2023-12-27 13:32:11.016 [main] inetBankingv1 - User or Password is not valid
[INFO ] 2023-12-27 13:36:56.767 [main] inetBankingv1 - Username Provided.
[INFO ] 2023-12-27 13:36:56.888 [main] inetBankingv1 - Password Provided.
[INFO ] 2023-12-27 13:36:58.297 [main] inetBankingv1 - User or Password is not valid
[INFO ] 2023-12-27 13:37:04.830 [main] inetBankingv1 - Username Provided.
[INFO ] 2023-12-27 13:37:04.928 [main] inetBankingv1 - Password Provided.
[INFO ] 2023-12-27 13:37:06.226 [main] inetBankingv1 - User or Password is not valid
[INFO ] 2023-12-27 13:37:10.188 [main] inetBankingv1 - Username Provided.
[INFO ] 2023-12-27 13:37:10.432 [main] inetBankingv1 - Password Provided.
[INFO ] 2023-12-27 13:37:11.674 [main] inetBankingv1 - User or Password is not valid
[INFO ] 2023-12-27 13:37:19.121 [main] inetBankingv1 - Username Provided.
[INFO ] 2023-12-27 13:37:19.259 [main] inetBankingv1 - Password Provided.
[INFO ] 2023-12-27 13:37:20.691 [main] inetBankingv1 - User or Password is not valid
[INFO ] 2023-12-27 13:37:29.527 [main] inetBankingv1 - Username Provided.
[INFO ] 2023-12-27 13:37:29.761 [main] inetBankingv1 - Password Provided.
[INFO ] 2023-12-27 13:37:31.167 [main] inetBankingv1 - User or Password is not valid
[INFO ] 2023-12-27 13:42:37.301 [main] inetBankingv1 - Username Provided.
[INFO ] 2023-12-27 13:42:37.408 [main] inetBankingv1 - Password Provided.
[INFO ] 2023-12-27 13:42:37.989 [main] inetBankingv1 - User or Password is not valid
[INFO ] 2023-12-27 13:42:39.440 [main] inetBankingv1 - Username Provided.
[INFO ] 2023-12-27 13:42:39.558 [main] inetBankingv1 - Password Provided.
[INFO ] 2023-12-27 13:42:40.127 [main] inetBankingv1 - User or Password is not valid
[INFO ] 2023-12-27 13:42:41.455 [main] inetBankingv1 - Username Provided.
[INFO ] 2023-12-27 13:42:41.525 [main] inetBankingv1 - Password Provided.
[INFO ] 2023-12-27 13:42:42.025 [main] inetBankingv1 - User or Password is not valid
[INFO ] 2023-12-27 13:42:43.239 [main] inetBankingv1 - Username Provided.
[INFO ] 2023-12-27 13:42:43.294 [main] inetBankingv1 - Password Provided.
[INFO ] 2023-12-27 13:42:43.908 [main] inetBankingv1 - User or Password is not valid
[INFO ] 2023-12-27 13:42:46.993 [main] inetBankingv1 - Username Provided.
[INFO ] 2023-12-27 13:42:47.057 [main] inetBankingv1 - Password Provided.
[INFO ] 2023-12-27 13:42:48.248 [main] inetBankingv1 - User or Password is not valid
[INFO ] 2023-12-27 15:23:09.149 [main] inetBankingv1 - Username Provided.
[INFO ] 2023-12-27 15:23:09.276 [main] inetBankingv1 - Password Provided.
[INFO ] 2023-12-27 15:23:11.241 [main] inetBankingv1 - User or Password is not valid
[INFO ] 2023-12-27 15:23:13.112 [main] inetBankingv1 - Username Provided.
[INFO ] 2023-12-27 15:23:13.419 [main] inetBankingv1 - Password Provided.
[INFO ] 2023-12-27 15:23:14.087 [main] inetBankingv1 - User or Password is not valid
[INFO ] 2023-12-27 15:23:16.197 [main] inetBankingv1 - Username Provided.
[INFO ] 2023-12-27 15:23:16.425 [main] inetBankingv1 - Password Provided.
[INFO ] 2023-12-27 15:23:17.001 [main] inetBankingv1 - User or Password is not valid
[INFO ] 2023-12-27 15:23:19.032 [main] inetBankingv1 - Username Provided.
[INFO ] 2023-12-27 15:23:19.162 [main] inetBankingv1 - Password Provided.
[INFO ] 2023-12-27 15:23:19.798 [main] inetBankingv1 - User or Password is not valid
[INFO ] 2023-12-27 15:23:21.822 [main] inetBankingv1 - Username Provided.
[INFO ] 2023-12-27 15:23:21.953 [main] inetBankingv1 - Password Provided.
[INFO ] 2023-12-27 15:23:22.585 [main] inetBankingv1 - User or Password is not valid
[INFO ] 2023-12-27 15:25:37.139 [main] inetBankingv1 - Username Provided.
[INFO ] 2023-12-27 15:25:37.306 [main] inetBankingv1 - Password Provided.
[INFO ] 2023-12-27 15:25:38.708 [main] inetBankingv1 - User or Password is not valid
[INFO ] 2023-12-27 15:28:38.174 [main] inetBankingv1 - Username Provided.
[INFO ] 2023-12-27 15:28:38.293 [main] inetBankingv1 - Password Provided.
[INFO ] 2023-12-27 15:28:39.834 [main] inetBankingv1 - User or Password is not valid
[INFO ] 2023-12-27 15:30:06.177 [main] inetBankingv1 - URL is Opened.
[INFO ] 2023-12-27 15:30:06.514 [main] inetBankingv1 - Entered Username
[INFO ] 2023-12-27 15:30:06.776 [main] inetBankingv1 - Entered Password
[INFO ] 2023-12-27 15:32:49.533 [main] inetBankingv1 - URL is Opened.
[INFO ] 2023-12-27 15:32:50.016 [main] inetBankingv1 - Entered Username
[INFO ] 2023-12-27 15:32:50.534 [main] inetBankingv1 - Entered Password
[INFO ] 2023-12-27 15:34:11.823 [main] inetBankingv1 - URL is Opened.
[INFO ] 2023-12-27 15:34:12.165 [main] inetBankingv1 - Entered Username
[INFO ] 2023-12-27 15:34:12.285 [main] inetBankingv1 - Entered Password
[INFO ] 2023-12-27 15:36:26.095 [main] inetBankingv1 - URL is Opened.
[INFO ] 2023-12-27 15:36:26.442 [main] inetBankingv1 - Entered Username
[INFO ] 2023-12-27 15:36:26.573 [main] inetBankingv1 - Entered Password
[INFO ] 2023-12-27 15:53:16.126 [main] inetBankingv1 - Username Provided.
[INFO ] 2023-12-27 15:53:16.195 [main] inetBankingv1 - Password Provided.
[INFO ] 2023-12-27 15:53:16.693 [main] inetBankingv1 - User or Password is not valid
[INFO ] 2023-12-27 15:53:20.177 [main] inetBankingv1 - Username Provided.
[INFO ] 2023-12-27 15:53:20.236 [main] inetBankingv1 - Password Provided.
[INFO ] 2023-12-27 15:53:21.570 [main] inetBankingv1 - User or Password is not valid
[INFO ] 2023-12-27 15:53:24.967 [main] inetBankingv1 - Username Provided.
[INFO ] 2023-12-27 15:53:25.027 [main] inetBankingv1 - Password Provided.
[INFO ] 2023-12-27 15:53:26.138 [main] inetBankingv1 - User or Password is not valid
[INFO ] 2023-12-27 15:53:29.513 [main] inetBankingv1 - Username Provided.
[INFO ] 2023-12-27 15:53:29.584 [main] inetBankingv1 - Password Provided.
[INFO ] 2023-12-27 15:53:30.743 [main] inetBankingv1 - User or Password is not valid
[INFO ] 2023-12-27 15:53:34.534 [main] inetBankingv1 - Username Provided.
[INFO ] 2023-12-27 15:53:34.596 [main] inetBankingv1 - Password Provided.
[INFO ] 2023-12-27 15:53:35.799 [main] inetBankingv1 - User or Password is not valid
[INFO ] 2023-12-27 15:54:51.023 [main] inetBankingv1 - Username Provided.
[INFO ] 2023-12-27 15:54:51.108 [main] inetBankingv1 - Password Provided.
[INFO ] 2023-12-27 15:54:51.654 [main] inetBankingv1 - User or Password is not valid
[INFO ] 2023-12-27 15:54:52.812 [main] inetBankingv1 - Username Provided.
[INFO ] 2023-12-27 15:54:52.998 [main] inetBankingv1 - Password Provided.
[INFO ] 2023-12-27 15:54:53.485 [main] inetBankingv1 - User or Password is not valid
[INFO ] 2023-12-27 15:54:54.685 [main] inetBankingv1 - Username Provided.
[INFO ] 2023-12-27 15:54:55.044 [main] inetBankingv1 - Password Provided.
[INFO ] 2023-12-27 15:54:55.520 [main] inetBankingv1 - User or Password is not valid
[INFO ] 2023-12-27 15:54:57.192 [main] inetBankingv1 - Username Provided.
[INFO ] 2023-12-27 15:54:57.261 [main] inetBankingv1 - Password Provided.
[INFO ] 2023-12-27 15:54:57.789 [main] inetBankingv1 - User or Password is not valid
[INFO ] 2023-12-27 15:54:59.769 [main] inetBankingv1 - Username Provided.
[INFO ] 2023-12-27 15:54:59.852 [main] inetBankingv1 - Password Provided.
[INFO ] 2023-12-27 15:55:00.463 [main] inetBankingv1 - User or Password is not valid
[INFO ] 2023-12-27 15:55:59.230 [main] inetBankingv1 - Username Provided.
[INFO ] 2023-12-27 15:55:59.330 [main] inetBankingv1 - Password Provided.
[INFO ] 2023-12-27 15:55:59.870 [main] inetBankingv1 - User or Password is not valid
[INFO ] 2023-12-27 15:56:36.474 [main] inetBankingv1 - Username Provided.
[INFO ] 2023-12-27 15:56:36.549 [main] inetBankingv1 - Password Provided.
[INFO ] 2023-12-27 15:56:37.013 [main] inetBankingv1 - User or Password is not valid
[INFO ] 2023-12-27 15:56:40.422 [main] inetBankingv1 - Username Provided.
[INFO ] 2023-12-27 15:56:40.489 [main] inetBankingv1 - Password Provided.
[INFO ] 2023-12-27 15:56:41.610 [main] inetBankingv1 - User or Password is not valid
[INFO ] 2023-12-27 15:56:45.033 [main] inetBankingv1 - Username Provided.
[INFO ] 2023-12-27 15:56:45.090 [main] inetBankingv1 - Password Provided.
[INFO ] 2023-12-27 15:56:46.261 [main] inetBankingv1 - User or Password is not valid
[INFO ] 2023-12-27 15:56:49.668 [main] inetBankingv1 - Username Provided.
[INFO ] 2023-12-27 15:56:49.734 [main] inetBankingv1 - Password Provided.
[INFO ] 2023-12-27 15:56:51.180 [main] inetBankingv1 - User or Password is not valid
[INFO ] 2023-12-27 15:56:54.594 [main] inetBankingv1 - Username Provided.
[INFO ] 2023-12-27 15:56:54.663 [main] inetBankingv1 - Password Provided.
[INFO ] 2023-12-27 15:56:55.906 [main] inetBankingv1 - User or Password is not valid
[INFO ] 2023-12-27 16:12:36.197 [main] inetBankingv1 - Username is Provided.
[INFO ] 2023-12-27 16:12:36.321 [main] inetBankingv1 - Password is Provided.
[INFO ] 2023-12-27 16:12:40.414 [main] inetBankingv1 - Providing Customer Details....
[INFO ] 2023-12-27 16:15:33.427 [main] inetBankingv1 - Username is Provided.
[INFO ] 2023-12-27 16:15:33.508 [main] inetBankingv1 - Password is Provided.
[INFO ] 2023-12-27 16:15:36.856 [main] inetBankingv1 - Providing Customer Details....
